<?xml version="1.0" encoding="UTF-8"?>
<!-- Generated by org.testng.reporters.JUnitReportReporter -->
<testsuite hostname="LAPTOP-BN070CIS" failures="0" tests="4" name="api.tests.UserTest" time="7.071" errors="0" timestamp="2023-07-28T19:40:54 IST" skipped="0">
  <testcase classname="api.tests.UserTest" name="testPostUser" time="1.599"/>
  <testcase classname="api.tests.UserTest" name="testGetUser" time="1.181"/>
  <testcase classname="api.tests.UserTest" name="testUpdateUser" time="2.859"/>
  <testcase classname="api.tests.UserTest" name="testDeleteUser" time="1.432"/>
</testsuite> <!-- api.tests.UserTest -->
