<?xml version="1.0" encoding="UTF-8"?>
<!-- Generated by org.testng.reporters.JUnitReportReporter -->
<testsuite hostname="LAPTOP-BN070CIS" failures="0" tests="4" name="api.tests.PetApiTest" time="8.954" errors="0" timestamp="2023-07-28T19:54:09 IST" skipped="0">
  <testcase classname="api.tests.PetApiTest" name="testPostPet" time="2.973"/>
  <testcase classname="api.tests.PetApiTest" name="testGetPet" time="1.586"/>
  <testcase classname="api.tests.PetApiTest" name="testUpdatePet" time="3.025"/>
  <testcase classname="api.tests.PetApiTest" name="testDeletePet" time="1.370"/>
</testsuite> <!-- api.tests.PetApiTest -->
