<?xml version="1.0" encoding="UTF-8"?>
<!-- Generated by org.testng.reporters.JUnitReportReporter -->
<testsuite hostname="LAPTOP-BN070CIS" failures="0" tests="4" name="api.tests.UserTestUsingPropertiesFile" time="8.998" errors="0" timestamp="2023-07-28T22:56:31 IST" skipped="0">
  <testcase classname="api.tests.UserTestUsingPropertiesFile" name="testPostUser" time="3.045"/>
  <testcase classname="api.tests.UserTestUsingPropertiesFile" name="testGetUser" time="1.475"/>
  <testcase classname="api.tests.UserTestUsingPropertiesFile" name="testUpdateUser" time="2.947"/>
  <testcase classname="api.tests.UserTestUsingPropertiesFile" name="testDeleteUser" time="1.531"/>
</testsuite> <!-- api.tests.UserTestUsingPropertiesFile -->
