<?xml version="1.0" encoding="UTF-8"?>
<!-- Generated by org.testng.reporters.JUnitReportReporter -->
<testsuite hostname="LAPTOP-BN070CIS" failures="0" tests="4" name="api.tests.PetApiTest" time="8.574" errors="0" timestamp="2023-07-29T19:44:43 IST" skipped="0">
  <testcase classname="api.tests.PetApiTest" name="testPostPet" time="3.406"/>
  <testcase classname="api.tests.PetApiTest" name="testGetPet" time="1.410"/>
  <testcase classname="api.tests.PetApiTest" name="testUpdatePet" time="2.668"/>
  <testcase classname="api.tests.PetApiTest" name="testDeletePet" time="1.090"/>
</testsuite> <!-- api.tests.PetApiTest -->
