<?xml version="1.0" encoding="UTF-8"?>
<!-- Generated by org.testng.reporters.JUnitReportReporter -->
<testsuite hostname="LAPTOP-BN070CIS" failures="0" tests="4" name="api.tests.PetApiTest" time="9.372" errors="0" timestamp="2023-08-01T13:21:15 IST" skipped="0">
  <testcase classname="api.tests.PetApiTest" name="testPostPet" time="3.388"/>
  <testcase classname="api.tests.PetApiTest" name="testGetPet" time="1.588"/>
  <testcase classname="api.tests.PetApiTest" name="testUpdatePet" time="2.825"/>
  <testcase classname="api.tests.PetApiTest" name="testDeletePet" time="1.571"/>
</testsuite> <!-- api.tests.PetApiTest -->
